<?xml version="1.0" encoding="UTF-8"?>
<!-- Generated by org.testng.reporters.JUnitReportReporter -->
<testsuite skipped="0" hostname="DESKTOP-MBD2ILJ" name="com.guru99.keywordDrivenFramework.Guru99Test" tests="9" failures="0" timestamp="30 Aug 2019 01:15:43 GMT" time="8.560" errors="0">
  <testcase name="testCasesForGuru99" time="2.315" classname="com.guru99.keywordDrivenFramework.Guru99Test"/>
  <testcase name="testCasesForGuru99" time="3.273" classname="com.guru99.keywordDrivenFramework.Guru99Test"/>
  <testcase name="testCasesForGuru99" time="0.224" classname="com.guru99.keywordDrivenFramework.Guru99Test"/>
  <testcase name="testCasesForGuru99" time="0.208" classname="com.guru99.keywordDrivenFramework.Guru99Test"/>
  <testcase name="testCasesForGuru99" time="0.151" classname="com.guru99.keywordDrivenFramework.Guru99Test"/>
  <testcase name="testCasesForGuru99" time="0.004" classname="com.guru99.keywordDrivenFramework.Guru99Test"/>
  <testcase name="testCasesForGuru99" time="0.815" classname="com.guru99.keywordDrivenFramework.Guru99Test"/>
  <testcase name="testCasesForGuru99" time="0.321" classname="com.guru99.keywordDrivenFramework.Guru99Test"/>
  <testcase name="testCasesForGuru99" time="1.249" classname="com.guru99.keywordDrivenFramework.Guru99Test"/>
</testsuite> <!-- com.guru99.keywordDrivenFramework.Guru99Test -->
