<?xml version="1.0" encoding="UTF-8"?>
<!-- Generated by org.testng.reporters.JUnitReportReporter -->
<testsuite skipped="0" hostname="DESKTOP-MBD2ILJ" name="com.test.EmailValidatorTest" tests="3" failures="0" timestamp="30 Aug 2019 01:15:43 GMT" time="0.007" errors="0">
  <testcase name="canTestInvalidEmailIIdWhenDotIsMissing" time="0.001" classname="com.test.EmailValidatorTest"/>
  <testcase name="canTestInvalidEmailIIdWhenAtTheRateIsMissing" time="0.004" classname="com.test.EmailValidatorTest"/>
  <testcase name="canTestValidEmailId" time="0.002" classname="com.test.EmailValidatorTest"/>
</testsuite> <!-- com.test.EmailValidatorTest -->
