<?xml version="1.0" encoding="UTF-8"?>
<!-- Generated by org.testng.reporters.JUnitReportReporter -->
<testsuite skipped="0" hostname="DESKTOP-MBD2ILJ" name="com.guru99.keywordDrivenFramework.Guru99Test" tests="9" failures="0" timestamp="30 Aug 2019 01:39:15 GMT" time="8.122" errors="0">
  <testcase name="testCasesForGuru99" time="3.504" classname="com.guru99.keywordDrivenFramework.Guru99Test"/>
  <testcase name="testCasesForGuru99" time="0.228" classname="com.guru99.keywordDrivenFramework.Guru99Test"/>
  <testcase name="testCasesForGuru99" time="1.568" classname="com.guru99.keywordDrivenFramework.Guru99Test"/>
  <testcase name="testCasesForGuru99" time="0.205" classname="com.guru99.keywordDrivenFramework.Guru99Test"/>
  <testcase name="testCasesForGuru99" time="0.474" classname="com.guru99.keywordDrivenFramework.Guru99Test"/>
  <testcase name="testCasesForGuru99" time="1.107" classname="com.guru99.keywordDrivenFramework.Guru99Test"/>
  <testcase name="testCasesForGuru99" time="0.878" classname="com.guru99.keywordDrivenFramework.Guru99Test"/>
  <testcase name="testCasesForGuru99" time="0.002" classname="com.guru99.keywordDrivenFramework.Guru99Test"/>
  <testcase name="testCasesForGuru99" time="0.156" classname="com.guru99.keywordDrivenFramework.Guru99Test"/>
</testsuite> <!-- com.guru99.keywordDrivenFramework.Guru99Test -->
