<?xml version="1.0" encoding="UTF-8"?>
<!-- Generated by org.testng.reporters.JUnitReportReporter -->
<testsuite skipped="0" hostname="DESKTOP-MBD2ILJ" name="com.test.EmailValidatorTest" tests="4" failures="0" timestamp="30 Aug 2019 01:39:15 GMT" time="0.003" errors="0">
  <testcase name="canTestInvalidEmailIIdWhenDotIsMissing" time="0.000" classname="com.test.EmailValidatorTest"/>
  <testcase name="canTestInvalidEmailIIdWhenAfterDotOne1LetterAvailabe" time="0.003" classname="com.test.EmailValidatorTest"/>
  <testcase name="canTestValidEmailId" time="0.000" classname="com.test.EmailValidatorTest"/>
  <testcase name="canTestInvalidEmailIIdWhenAtTheRateIsMissing" time="0.000" classname="com.test.EmailValidatorTest"/>
</testsuite> <!-- com.test.EmailValidatorTest -->
